<?xml version="1.0" encoding="UTF-8"?>
<!-- Generated by org.testng.reporters.JUnitXMLReporter -->
<testsuite ignored="1" hostname="LAPTOP-97OISDVA" failures="0" tests="2" name="Default test" time="32.928" errors="0" timestamp="2021-09-06T20:42:22 EEST">
  <testcase classname="Default.APIPostUsers" name="PostUserFail1" time="2.327"/>
  <testcase classname="Default.APIPostUsers" name="PostUserFail2" time="1.037"/>
  <testcase classname="Default.APIPostUsers" name="PostUserPass" time="0.0">
    <ignored/>
  </testcase> <!-- PostUserPass -->
</testsuite> <!-- Default test -->
