<?xml version="1.0" encoding="UTF-8"?>
<!-- Generated by org.testng.reporters.JUnitXMLReporter -->
<testsuite ignored="0" hostname="LAPTOP-97OISDVA" failures="0" tests="5" name="Test" time="24.25" errors="0" timestamp="2021-09-07T00:08:25 EEST">
  <testcase classname="Default.APIGetUsers" name="GetUserFail" time="19.286"/>
  <testcase classname="Default.APIGetUsers" name="GetUserPass" time="1.057"/>
  <testcase classname="Default.APIPostUsers" name="PostUserFail1" time="1.116"/>
  <testcase classname="Default.APIPostUsers" name="PostUserFail2" time="1.253"/>
  <testcase classname="Default.APIPostUsers" name="PostUserPass" time="1.502"/>
</testsuite> <!-- Test -->
