<?xml version="1.0" encoding="UTF-8"?>
<testng-results ignored="0" total="5" passed="5" failed="0" skipped="0">
  <reporter-output>
  </reporter-output>
  <suite started-at="2021-09-07T00:08:01 EEST" name="Suite" finished-at="2021-09-07T00:08:25 EEST" duration-ms="24250">
    <groups>
    </groups>
    <test started-at="2021-09-07T00:08:01 EEST" name="Test" finished-at="2021-09-07T00:08:25 EEST" duration-ms="24250">
      <class name="Default.APIGetUsers">
        <test-method signature="GetUserFail()[pri:0, instance:Default.APIGetUsers@78b66d36]" started-at="2021-09-07T00:08:01 EEST" name="GetUserFail" finished-at="2021-09-07T00:08:20 EEST" duration-ms="19286" status="PASS">
          <reporter-output>
          </reporter-output>
        </test-method> <!-- GetUserFail -->
        <test-method signature="GetUserPass()[pri:0, instance:Default.APIGetUsers@78b66d36]" started-at="2021-09-07T00:08:20 EEST" name="GetUserPass" finished-at="2021-09-07T00:08:21 EEST" duration-ms="1057" status="PASS">
          <reporter-output>
          </reporter-output>
        </test-method> <!-- GetUserPass -->
      </class> <!-- Default.APIGetUsers -->
      <class name="Default.APIPostUsers">
        <test-method signature="PostUserFail1()[pri:0, instance:Default.APIPostUsers@3c419631]" started-at="2021-09-07T00:08:21 EEST" name="PostUserFail1" finished-at="2021-09-07T00:08:22 EEST" duration-ms="1116" status="PASS">
          <reporter-output>
          </reporter-output>
        </test-method> <!-- PostUserFail1 -->
        <test-method signature="PostUserFail2()[pri:0, instance:Default.APIPostUsers@3c419631]" started-at="2021-09-07T00:08:22 EEST" name="PostUserFail2" finished-at="2021-09-07T00:08:24 EEST" duration-ms="1253" status="PASS">
          <reporter-output>
          </reporter-output>
        </test-method> <!-- PostUserFail2 -->
        <test-method signature="PostUserPass()[pri:0, instance:Default.APIPostUsers@3c419631]" started-at="2021-09-07T00:08:24 EEST" name="PostUserPass" finished-at="2021-09-07T00:08:25 EEST" duration-ms="1502" status="PASS">
          <reporter-output>
          </reporter-output>
        </test-method> <!-- PostUserPass -->
      </class> <!-- Default.APIPostUsers -->
    </test> <!-- Test -->
  </suite> <!-- Suite -->
</testng-results>
