<?xml version="1.0" encoding="UTF-8"?>
<testng-results ignored="1" total="3" passed="2" failed="0" skipped="0">
  <reporter-output>
  </reporter-output>
  <suite started-at="2021-09-06T20:41:49 EEST" name="Default suite" finished-at="2021-09-06T20:42:22 EEST" duration-ms="32928">
    <groups>
    </groups>
    <test started-at="2021-09-06T20:41:49 EEST" name="Default test" finished-at="2021-09-06T20:42:22 EEST" duration-ms="32928">
      <class name="Default.APIPostUsers">
        <test-method is-config="true" signature="login()[pri:0, instance:Default.APIPostUsers@5c30a9b0]" started-at="2021-09-06T20:41:49 EEST" name="login" finished-at="2021-09-06T20:42:15 EEST" duration-ms="25355" status="PASS">
          <reporter-output>
          </reporter-output>
        </test-method> <!-- login -->
        <test-method signature="PostUserFail1()[pri:0, instance:Default.APIPostUsers@5c30a9b0]" started-at="2021-09-06T20:42:15 EEST" name="PostUserFail1" finished-at="2021-09-06T20:42:17 EEST" duration-ms="2327" status="PASS">
          <reporter-output>
          </reporter-output>
        </test-method> <!-- PostUserFail1 -->
        <test-method signature="PostUserFail2()[pri:0, instance:Default.APIPostUsers@5c30a9b0]" started-at="2021-09-06T20:42:17 EEST" name="PostUserFail2" finished-at="2021-09-06T20:42:18 EEST" duration-ms="1037" status="PASS">
          <reporter-output>
          </reporter-output>
        </test-method> <!-- PostUserFail2 -->
        <test-method is-config="true" signature="close()[pri:0, instance:Default.APIPostUsers@5c30a9b0]" started-at="2021-09-06T20:42:18 EEST" name="close" finished-at="2021-09-06T20:42:22 EEST" duration-ms="4181" status="PASS">
          <reporter-output>
          </reporter-output>
        </test-method> <!-- close -->
      </class> <!-- Default.APIPostUsers -->
    </test> <!-- Default test -->
  </suite> <!-- Default suite -->
</testng-results>
